{"/home/parmeet.singh/Express-server/extraTS/constants.ts": {"path":"/home/parmeet.singh/Express-server/extraTS/constants.ts","statementMap":{"0":{"start":{"line":2,"column":31},"end":{"line":11,"column":2}},"1":{"start":{"line":13,"column":22},"end":{"line":13,"column":32}},"2":{"start":{"line":20,"column":9},"end":{"line":20,"column":17}},"3":{"start":{"line":15,"column":27},"end":{"line":18,"column":2}},"4":{"start":{"line":20,"column":19},"end":{"line":20,"column":24}},"5":{"start":{"line":21,"column":13},"end":{"line":21,"column":44}}},"fnMap":{},"branchMap":{},"s":{"0":1,"1":1,"2":1,"3":1,"4":1,"5":1},"f":{},"b":{}}
,"/home/parmeet.singh/Express-server/extraTS/utils/permission.ts": {"path":"/home/parmeet.singh/Express-server/extraTS/utils/permission.ts","statementMap":{"0":{"start":{"line":2,"column":22},"end":{"line":4,"column":1}},"1":{"start":{"line":3,"column":4},"end":{"line":3,"column":56}},"2":{"start":{"line":6,"column":0},"end":{"line":6,"column":29}}},"fnMap":{"0":{"name":"(anonymous_0)","decl":{"start":{"line":2,"column":22},"end":{"line":2,"column":23}},"loc":{"start":{"line":2,"column":97},"end":{"line":4,"column":1}}}},"branchMap":{},"s":{"0":1,"1":0,"2":1},"f":{"0":0},"b":{}}
,"/home/parmeet.singh/Express-server/src/Server.ts": {"path":"/home/parmeet.singh/Express-server/src/Server.ts","statementMap":{"0":{"start":{"line":1,"column":0},"end":{"line":1,"column":35}},"1":{"start":{"line":2,"column":0},"end":{"line":2,"column":29}},"2":{"start":{"line":3,"column":0},"end":{"line":3,"column":42}},"3":{"start":{"line":4,"column":0},"end":{"line":4,"column":60}},"4":{"start":{"line":5,"column":0},"end":{"line":5,"column":30}},"5":{"start":{"line":6,"column":0},"end":{"line":6,"column":39}},"6":{"start":{"line":7,"column":0},"end":{"line":7,"column":37}},"7":{"start":{"line":13,"column":24},"end":{"line":13,"column":null}},"8":{"start":{"line":14,"column":8},"end":{"line":14,"column":29}},"9":{"start":{"line":20,"column":8},"end":{"line":22,"column":11}},"10":{"start":{"line":21,"column":12},"end":{"line":21,"column":32}},"11":{"start":{"line":23,"column":8},"end":{"line":23,"column":37}},"12":{"start":{"line":24,"column":8},"end":{"line":24,"column":36}},"13":{"start":{"line":25,"column":8},"end":{"line":25,"column":35}},"14":{"start":{"line":29,"column":8},"end":{"line":29,"column":29}},"15":{"start":{"line":30,"column":8},"end":{"line":30,"column":65}},"16":{"start":{"line":31,"column":8},"end":{"line":31,"column":40}},"17":{"start":{"line":36,"column":8},"end":{"line":36,"column":30}},"18":{"start":{"line":37,"column":8},"end":{"line":37,"column":27}},"19":{"start":{"line":38,"column":8},"end":{"line":38,"column":27}},"20":{"start":{"line":39,"column":8},"end":{"line":39,"column":24}},"21":{"start":{"line":43,"column":41},"end":{"line":43,"column":52}},"22":{"start":{"line":44,"column":8},"end":{"line":51,"column":null}},"23":{"start":{"line":45,"column":12},"end":{"line":45,"column":42}},"24":{"start":{"line":46,"column":12},"end":{"line":48,"column":15}},"25":{"start":{"line":47,"column":16},"end":{"line":47,"column":89}},"26":{"start":{"line":50,"column":12},"end":{"line":50,"column":56}},"27":{"start":{"line":52,"column":8},"end":{"line":52,"column":20}},"28":{"start":{"line":56,"column":49},"end":{"line":56,"column":60}},"29":{"start":{"line":57,"column":29},"end":{"line":57,"column":42}},"30":{"start":{"line":59,"column":8},"end":{"line":61,"column":12}},"31":{"start":{"line":63,"column":33},"end":{"line":63,"column":63}},"32":{"start":{"line":64,"column":8},"end":{"line":64,"column":47}},"33":{"start":{"line":10,"column":0},"end":{"line":10,"column":21}}},"fnMap":{"0":{"name":"(anonymous_7)","decl":{"start":{"line":13,"column":4},"end":{"line":13,"column":24}},"loc":{"start":{"line":13,"column":30},"end":{"line":15,"column":5}}},"1":{"name":"(anonymous_8)","decl":{"start":{"line":19,"column":4},"end":{"line":19,"column":15}},"loc":{"start":{"line":19,"column":15},"end":{"line":27,"column":5}}},"2":{"name":"(anonymous_9)","decl":{"start":{"line":20,"column":38},"end":{"line":20,"column":39}},"loc":{"start":{"line":20,"column":51},"end":{"line":22,"column":9}}},"3":{"name":"(anonymous_10)","decl":{"start":{"line":28,"column":4},"end":{"line":28,"column":18}},"loc":{"start":{"line":28,"column":18},"end":{"line":32,"column":5}}},"4":{"name":"(anonymous_11)","decl":{"start":{"line":35,"column":4},"end":{"line":35,"column":13}},"loc":{"start":{"line":35,"column":13},"end":{"line":40,"column":5}}},"5":{"name":"(anonymous_12)","decl":{"start":{"line":42,"column":17},"end":{"line":42,"column":20}},"loc":{"start":{"line":42,"column":20},"end":{"line":53,"column":null}}},"6":{"name":"(anonymous_14)","decl":{"start":{"line":46,"column":34},"end":{"line":46,"column":37}},"loc":{"start":{"line":46,"column":39},"end":{"line":48,"column":13}}},"7":{"name":"(anonymous_15)","decl":{"start":{"line":55,"column":12},"end":{"line":55,"column":23}},"loc":{"start":{"line":55,"column":23},"end":{"line":65,"column":5}}}},"branchMap":{},"s":{"0":1,"1":1,"2":1,"3":1,"4":1,"5":1,"6":1,"7":1,"8":1,"9":1,"10":1,"11":1,"12":1,"13":1,"14":1,"15":1,"16":1,"17":1,"18":1,"19":1,"20":1,"21":0,"22":0,"23":0,"24":0,"25":0,"26":0,"27":0,"28":1,"29":1,"30":1,"31":1,"32":1,"33":1},"f":{"0":1,"1":1,"2":1,"3":1,"4":1,"5":0,"6":0,"7":1},"b":{}}
,"/home/parmeet.singh/Express-server/src/router.ts": {"path":"/home/parmeet.singh/Express-server/src/router.ts","statementMap":{"0":{"start":{"line":1,"column":0},"end":{"line":1,"column":33}},"1":{"start":{"line":2,"column":0},"end":{"line":2,"column":50}},"2":{"start":{"line":3,"column":0},"end":{"line":3,"column":44}},"3":{"start":{"line":5,"column":15},"end":{"line":5,"column":23}},"4":{"start":{"line":6,"column":1},"end":{"line":6,"column":39}},"5":{"start":{"line":8,"column":1},"end":{"line":8,"column":33}},"6":{"start":{"line":10,"column":1},"end":{"line":10,"column":23}}},"fnMap":{},"branchMap":{},"s":{"0":1,"1":1,"2":1,"3":1,"4":1,"5":1,"6":1},"f":{},"b":{}}
,"/home/parmeet.singh/Express-server/src/config/configuration.ts": {"path":"/home/parmeet.singh/Express-server/src/config/configuration.ts","statementMap":{"0":{"start":{"line":1,"column":0},"end":{"line":1,"column":32}},"1":{"start":{"line":3,"column":0},"end":{"line":3,"column":45}},"2":{"start":{"line":4,"column":0},"end":{"line":4,"column":9}},"3":{"start":{"line":7,"column":13},"end":{"line":7,"column":39}},"4":{"start":{"line":9,"column":13},"end":{"line":12,"column":2}},"5":{"start":{"line":14,"column":31},"end":{"line":43,"column":2}},"6":{"start":{"line":45,"column":0},"end":{"line":45,"column":29}}},"fnMap":{},"branchMap":{},"s":{"0":1,"1":1,"2":1,"3":1,"4":1,"5":1,"6":1},"f":{},"b":{}}
,"/home/parmeet.singh/Express-server/src/controllers/trainee/Controller.ts": {"path":"/home/parmeet.singh/Express-server/src/controllers/trainee/Controller.ts","statementMap":{"0":{"start":{"line":3,"column":0},"end":{"line":3,"column":36}},"1":{"start":{"line":4,"column":0},"end":{"line":4,"column":48}},"2":{"start":{"line":5,"column":16},"end":{"line":18,"column":2}},"3":{"start":{"line":22,"column":8},"end":{"line":22,"column":94}},"4":{"start":{"line":25,"column":25},"end":{"line":25,"column":33}},"5":{"start":{"line":26,"column":8},"end":{"line":28,"column":null}},"6":{"start":{"line":27,"column":12},"end":{"line":27,"column":93}},"7":{"start":{"line":29,"column":8},"end":{"line":29,"column":76}},"8":{"start":{"line":32,"column":25},"end":{"line":32,"column":33}},"9":{"start":{"line":33,"column":27},"end":{"line":33,"column":69}},"10":{"start":{"line":33,"column":50},"end":{"line":33,"column":68}},"11":{"start":{"line":34,"column":8},"end":{"line":37,"column":null}},"12":{"start":{"line":35,"column":34},"end":{"line":35,"column":56}},"13":{"start":{"line":36,"column":12},"end":{"line":36,"column":102}},"14":{"start":{"line":38,"column":8},"end":{"line":38,"column":81}},"15":{"start":{"line":41,"column":25},"end":{"line":41,"column":33}},"16":{"start":{"line":42,"column":27},"end":{"line":42,"column":71}},"17":{"start":{"line":42,"column":52},"end":{"line":42,"column":70}},"18":{"start":{"line":43,"column":8},"end":{"line":43,"column":97}},"19":{"start":{"line":46,"column":22},"end":{"line":46,"column":55}},"20":{"start":{"line":47,"column":8},"end":{"line":47,"column":103}},"21":{"start":{"line":52,"column":0},"end":{"line":52,"column":29}}},"fnMap":{"0":{"name":"(anonymous_0)","decl":{"start":{"line":20,"column":4},"end":{"line":20,"column":7}},"loc":{"start":{"line":20,"column":55},"end":{"line":23,"column":5}}},"1":{"name":"(anonymous_1)","decl":{"start":{"line":24,"column":4},"end":{"line":24,"column":10}},"loc":{"start":{"line":24,"column":58},"end":{"line":30,"column":5}}},"2":{"name":"(anonymous_2)","decl":{"start":{"line":31,"column":4},"end":{"line":31,"column":10}},"loc":{"start":{"line":31,"column":58},"end":{"line":39,"column":5}}},"3":{"name":"(anonymous_3)","decl":{"start":{"line":33,"column":40},"end":{"line":33,"column":41}},"loc":{"start":{"line":33,"column":50},"end":{"line":33,"column":68}}},"4":{"name":"(anonymous_4)","decl":{"start":{"line":40,"column":4},"end":{"line":40,"column":10}},"loc":{"start":{"line":40,"column":58},"end":{"line":44,"column":5}}},"5":{"name":"(anonymous_5)","decl":{"start":{"line":42,"column":42},"end":{"line":42,"column":43}},"loc":{"start":{"line":42,"column":52},"end":{"line":42,"column":70}}},"6":{"name":"(anonymous_6)","decl":{"start":{"line":45,"column":4},"end":{"line":45,"column":15}},"loc":{"start":{"line":45,"column":63},"end":{"line":48,"column":5}}}},"branchMap":{"0":{"loc":{"start":{"line":26,"column":8},"end":{"line":28,"column":null}},"type":"if","locations":[{"start":{"line":26,"column":8},"end":{"line":28,"column":null}}]},"1":{"loc":{"start":{"line":34,"column":8},"end":{"line":37,"column":null}},"type":"if","locations":[{"start":{"line":34,"column":8},"end":{"line":37,"column":null}}]}},"s":{"0":1,"1":1,"2":1,"3":0,"4":0,"5":0,"6":0,"7":0,"8":0,"9":0,"10":0,"11":0,"12":0,"13":0,"14":0,"15":0,"16":0,"17":0,"18":0,"19":0,"20":0,"21":1},"f":{"0":0,"1":0,"2":0,"3":0,"4":0,"5":0,"6":0},"b":{"0":[0],"1":[0]}}
,"/home/parmeet.singh/Express-server/src/controllers/trainee/index.ts": {"path":"/home/parmeet.singh/Express-server/src/controllers/trainee/index.ts","statementMap":{"0":{"start":{"line":1,"column":0},"end":{"line":1,"column":37}},"1":{"start":{"line":4,"column":0},"end":{"line":4,"column":29}}},"fnMap":{},"branchMap":{},"s":{"0":1,"1":1},"f":{},"b":{}}
,"/home/parmeet.singh/Express-server/src/controllers/trainee/routes.ts": {"path":"/home/parmeet.singh/Express-server/src/controllers/trainee/routes.ts","statementMap":{"0":{"start":{"line":1,"column":0},"end":{"line":1,"column":33}},"1":{"start":{"line":2,"column":0},"end":{"line":2,"column":45}},"2":{"start":{"line":3,"column":0},"end":{"line":3,"column":61}},"3":{"start":{"line":4,"column":0},"end":{"line":4,"column":38}},"4":{"start":{"line":5,"column":0},"end":{"line":5,"column":62}},"5":{"start":{"line":6,"column":0},"end":{"line":6,"column":54}},"6":{"start":{"line":8,"column":15},"end":{"line":8,"column":23}},"7":{"start":{"line":10,"column":0},"end":{"line":15,"column":58}},"8":{"start":{"line":17,"column":0},"end":{"line":17,"column":22}}},"fnMap":{},"branchMap":{},"s":{"0":1,"1":1,"2":1,"3":1,"4":1,"5":1,"6":1,"7":1,"8":1},"f":{},"b":{}}
,"/home/parmeet.singh/Express-server/src/controllers/trainee/validation.ts": {"path":"/home/parmeet.singh/Express-server/src/controllers/trainee/validation.ts","statementMap":{"0":{"start":{"line":1,"column":0},"end":{"line":72,"column":3}}},"fnMap":{},"branchMap":{},"s":{"0":1},"f":{},"b":{}}
,"/home/parmeet.singh/Express-server/src/controllers/user/Controller.ts": {"path":"/home/parmeet.singh/Express-server/src/controllers/user/Controller.ts","statementMap":{"0":{"start":{"line":2,"column":0},"end":{"line":2,"column":33}},"1":{"start":{"line":3,"column":0},"end":{"line":3,"column":36}},"2":{"start":{"line":4,"column":0},"end":{"line":4,"column":48}},"3":{"start":{"line":5,"column":0},"end":{"line":5,"column":68}},"4":{"start":{"line":6,"column":0},"end":{"line":6,"column":55}},"5":{"start":{"line":13,"column":4},"end":{"line":29,"column":null}},"6":{"start":{"line":13,"column":69},"end":{"line":29,"column":null}},"7":{"start":{"line":14,"column":8},"end":{"line":28,"column":null}},"8":{"start":{"line":15,"column":22},"end":{"line":15,"column":49}},"9":{"start":{"line":16,"column":10},"end":{"line":18,"column":null}},"10":{"start":{"line":17,"column":12},"end":{"line":17,"column":53}},"11":{"start":{"line":19,"column":29},"end":{"line":19,"column":35}},"12":{"start":{"line":20,"column":26},"end":{"line":20,"column":28}},"13":{"start":{"line":21,"column":10},"end":{"line":21,"column":43}},"14":{"start":{"line":22,"column":10},"end":{"line":22,"column":28}},"15":{"start":{"line":23,"column":27},"end":{"line":23,"column":79}},"16":{"start":{"line":24,"column":10},"end":{"line":24,"column":32}},"17":{"start":{"line":25,"column":10},"end":{"line":25,"column":87}},"18":{"start":{"line":27,"column":10},"end":{"line":27,"column":80}},"19":{"start":{"line":31,"column":4},"end":{"line":43,"column":null}},"20":{"start":{"line":31,"column":71},"end":{"line":43,"column":null}},"21":{"start":{"line":32,"column":8},"end":{"line":42,"column":null}},"22":{"start":{"line":33,"column":26},"end":{"line":33,"column":53}},"23":{"start":{"line":34,"column":26},"end":{"line":34,"column":55}},"24":{"start":{"line":35,"column":36},"end":{"line":35,"column":45}},"25":{"start":{"line":37,"column":25},"end":{"line":37,"column":78}},"26":{"start":{"line":38,"column":26},"end":{"line":38,"column":59}},"27":{"start":{"line":39,"column":12},"end":{"line":39,"column":76}},"28":{"start":{"line":41,"column":12},"end":{"line":41,"column":79}},"29":{"start":{"line":45,"column":4},"end":{"line":57,"column":null}},"30":{"start":{"line":45,"column":71},"end":{"line":57,"column":null}},"31":{"start":{"line":46,"column":8},"end":{"line":56,"column":null}},"32":{"start":{"line":47,"column":40},"end":{"line":47,"column":48}},"33":{"start":{"line":48,"column":13},"end":{"line":53,"column":15}},"34":{"start":{"line":49,"column":16},"end":{"line":52,"column":19}},"35":{"start":{"line":49,"column":76},"end":{"line":52,"column":18}},"36":{"start":{"line":50,"column":33},"end":{"line":50,"column":102}},"37":{"start":{"line":51,"column":20},"end":{"line":51,"column":140}},"38":{"start":{"line":55,"column":20},"end":{"line":55,"column":89}},"39":{"start":{"line":59,"column":4},"end":{"line":66,"column":null}},"40":{"start":{"line":59,"column":71},"end":{"line":66,"column":null}},"41":{"start":{"line":60,"column":8},"end":{"line":65,"column":null}},"42":{"start":{"line":61,"column":25},"end":{"line":61,"column":68}},"43":{"start":{"line":62,"column":12},"end":{"line":62,"column":133}},"44":{"start":{"line":64,"column":12},"end":{"line":64,"column":81}},"45":{"start":{"line":68,"column":4},"end":{"line":76,"column":null}},"46":{"start":{"line":68,"column":71},"end":{"line":76,"column":null}},"47":{"start":{"line":69,"column":8},"end":{"line":74,"column":null}},"48":{"start":{"line":70,"column":25},"end":{"line":70,"column":78}},"49":{"start":{"line":71,"column":12},"end":{"line":71,"column":134}},"50":{"start":{"line":73,"column":12},"end":{"line":73,"column":81}},"51":{"start":{"line":78,"column":4},"end":{"line":86,"column":null}},"52":{"start":{"line":78,"column":37},"end":{"line":86,"column":null}},"53":{"start":{"line":79,"column":33},"end":{"line":79,"column":87}},"54":{"start":{"line":80,"column":22},"end":{"line":80,"column":84}},"55":{"start":{"line":81,"column":8},"end":{"line":85,"column":null}},"56":{"start":{"line":82,"column":12},"end":{"line":82,"column":36}},"57":{"start":{"line":84,"column":12},"end":{"line":84,"column":51}},"58":{"start":{"line":88,"column":4},"end":{"line":99,"column":null}},"59":{"start":{"line":88,"column":76},"end":{"line":99,"column":null}},"60":{"start":{"line":89,"column":8},"end":{"line":98,"column":null}},"61":{"start":{"line":90,"column":37},"end":{"line":90,"column":67}},"62":{"start":{"line":91,"column":12},"end":{"line":95,"column":null}},"63":{"start":{"line":92,"column":31},"end":{"line":92,"column":89}},"64":{"start":{"line":93,"column":30},"end":{"line":93,"column":89}},"65":{"start":{"line":94,"column":16},"end":{"line":94,"column":111}},"66":{"start":{"line":97,"column":12},"end":{"line":97,"column":90}},"67":{"start":{"line":100,"column":4},"end":{"line":113,"column":null}},"68":{"start":{"line":100,"column":72},"end":{"line":113,"column":null}},"69":{"start":{"line":101,"column":8},"end":{"line":111,"column":null}},"70":{"start":{"line":102,"column":31},"end":{"line":102,"column":99}},"71":{"start":{"line":103,"column":12},"end":{"line":108,"column":null}},"72":{"start":{"line":104,"column":25},"end":{"line":104,"column":67}},"73":{"start":{"line":105,"column":12},"end":{"line":105,"column":122}},"74":{"start":{"line":107,"column":12},"end":{"line":107,"column":52}},"75":{"start":{"line":110,"column":12},"end":{"line":110,"column":98}},"76":{"start":{"line":10,"column":8},"end":{"line":10,"column":51}},"77":{"start":{"line":115,"column":0},"end":{"line":115,"column":26}}},"fnMap":{"0":{"name":"(anonymous_7)","decl":{"start":{"line":9,"column":4},"end":{"line":9,"column":null}},"loc":{"start":{"line":9,"column":4},"end":{"line":11,"column":5}}},"1":{"name":"(anonymous_8)","decl":{"start":{"line":13,"column":12},"end":{"line":13,"column":18}},"loc":{"start":{"line":13,"column":69},"end":{"line":29,"column":null}}},"2":{"name":"(anonymous_9)","decl":{"start":{"line":13,"column":69},"end":{"line":13,"column":null}},"loc":{"start":{"line":13,"column":69},"end":{"line":29,"column":7}}},"3":{"name":"(anonymous_10)","decl":{"start":{"line":31,"column":13},"end":{"line":31,"column":20}},"loc":{"start":{"line":31,"column":71},"end":{"line":43,"column":null}}},"4":{"name":"(anonymous_11)","decl":{"start":{"line":31,"column":71},"end":{"line":31,"column":null}},"loc":{"start":{"line":31,"column":71},"end":{"line":43,"column":5}}},"5":{"name":"(anonymous_12)","decl":{"start":{"line":45,"column":13},"end":{"line":45,"column":20}},"loc":{"start":{"line":45,"column":71},"end":{"line":57,"column":null}}},"6":{"name":"(anonymous_13)","decl":{"start":{"line":45,"column":71},"end":{"line":45,"column":null}},"loc":{"start":{"line":45,"column":71},"end":{"line":57,"column":5}}},"7":{"name":"(anonymous_14)","decl":{"start":{"line":48,"column":57},"end":{"line":48,"column":58}},"loc":{"start":{"line":48,"column":72},"end":{"line":53,"column":13}}},"8":{"name":"(anonymous_15)","decl":{"start":{"line":49,"column":51},"end":{"line":49,"column":58}},"loc":{"start":{"line":49,"column":76},"end":{"line":52,"column":18}}},"9":{"name":"(anonymous_16)","decl":{"start":{"line":49,"column":76},"end":{"line":49,"column":null}},"loc":{"start":{"line":49,"column":76},"end":{"line":52,"column":17}}},"10":{"name":"(anonymous_17)","decl":{"start":{"line":59,"column":13},"end":{"line":59,"column":20}},"loc":{"start":{"line":59,"column":71},"end":{"line":66,"column":null}}},"11":{"name":"(anonymous_18)","decl":{"start":{"line":59,"column":71},"end":{"line":59,"column":null}},"loc":{"start":{"line":59,"column":71},"end":{"line":66,"column":5}}},"12":{"name":"(anonymous_19)","decl":{"start":{"line":68,"column":13},"end":{"line":68,"column":20}},"loc":{"start":{"line":68,"column":71},"end":{"line":76,"column":null}}},"13":{"name":"(anonymous_20)","decl":{"start":{"line":68,"column":71},"end":{"line":68,"column":null}},"loc":{"start":{"line":68,"column":71},"end":{"line":76,"column":5}}},"14":{"name":"(anonymous_21)","decl":{"start":{"line":78,"column":16},"end":{"line":78,"column":24}},"loc":{"start":{"line":78,"column":37},"end":{"line":86,"column":null}}},"15":{"name":"(anonymous_22)","decl":{"start":{"line":78,"column":37},"end":{"line":78,"column":null}},"loc":{"start":{"line":78,"column":37},"end":{"line":86,"column":5}}},"16":{"name":"(anonymous_23)","decl":{"start":{"line":88,"column":18},"end":{"line":88,"column":25}},"loc":{"start":{"line":88,"column":76},"end":{"line":99,"column":null}}},"17":{"name":"(anonymous_24)","decl":{"start":{"line":88,"column":76},"end":{"line":88,"column":null}},"loc":{"start":{"line":88,"column":76},"end":{"line":99,"column":5}}},"18":{"name":"(anonymous_25)","decl":{"start":{"line":100,"column":13},"end":{"line":100,"column":20}},"loc":{"start":{"line":100,"column":72},"end":{"line":113,"column":null}}},"19":{"name":"(anonymous_26)","decl":{"start":{"line":100,"column":72},"end":{"line":100,"column":null}},"loc":{"start":{"line":100,"column":72},"end":{"line":113,"column":5}}}},"branchMap":{"0":{"loc":{"start":{"line":16,"column":10},"end":{"line":18,"column":null}},"type":"if","locations":[{"start":{"line":16,"column":10},"end":{"line":18,"column":null}}]},"1":{"loc":{"start":{"line":33,"column":26},"end":{"line":33,"column":53}},"type":"binary-expr","locations":[{"start":{"line":33,"column":26},"end":{"line":33,"column":48}},{"start":{"line":33,"column":52},"end":{"line":33,"column":53}}]},"2":{"loc":{"start":{"line":34,"column":26},"end":{"line":34,"column":55}},"type":"binary-expr","locations":[{"start":{"line":34,"column":26},"end":{"line":34,"column":49}},{"start":{"line":34,"column":53},"end":{"line":34,"column":55}}]},"3":{"loc":{"start":{"line":35,"column":20},"end":{"line":35,"column":31}},"type":"default-arg","locations":[{"start":{"line":35,"column":29},"end":{"line":35,"column":31}}]},"4":{"loc":{"start":{"line":81,"column":8},"end":{"line":85,"column":null}},"type":"if","locations":[{"start":{"line":81,"column":8},"end":{"line":85,"column":null}},{"start":{"line":83,"column":15},"end":{"line":85,"column":null}}]},"5":{"loc":{"start":{"line":91,"column":12},"end":{"line":95,"column":null}},"type":"if","locations":[{"start":{"line":91,"column":12},"end":{"line":95,"column":null}}]},"6":{"loc":{"start":{"line":103,"column":12},"end":{"line":108,"column":null}},"type":"if","locations":[{"start":{"line":103,"column":12},"end":{"line":108,"column":null}},{"start":{"line":106,"column":15},"end":{"line":108,"column":null}}]}},"s":{"0":1,"1":1,"2":1,"3":1,"4":1,"5":1,"6":0,"7":0,"8":0,"9":0,"10":0,"11":0,"12":0,"13":0,"14":0,"15":0,"16":0,"17":0,"18":0,"19":1,"20":0,"21":0,"22":0,"23":0,"24":0,"25":0,"26":0,"27":0,"28":0,"29":1,"30":0,"31":0,"32":0,"33":0,"34":0,"35":0,"36":0,"37":0,"38":0,"39":1,"40":0,"41":0,"42":0,"43":0,"44":0,"45":1,"46":0,"47":0,"48":0,"49":0,"50":0,"51":1,"52":0,"53":0,"54":0,"55":0,"56":0,"57":0,"58":1,"59":0,"60":0,"61":0,"62":0,"63":0,"64":0,"65":0,"66":0,"67":1,"68":0,"69":0,"70":0,"71":0,"72":0,"73":0,"74":0,"75":0,"76":1,"77":1},"f":{"0":1,"1":0,"2":0,"3":0,"4":0,"5":0,"6":0,"7":0,"8":0,"9":0,"10":0,"11":0,"12":0,"13":0,"14":0,"15":0,"16":0,"17":0,"18":0,"19":0},"b":{"0":[0],"1":[0,0],"2":[0,0],"3":[0],"4":[0,0],"5":[0],"6":[0,0]}}
,"/home/parmeet.singh/Express-server/src/controllers/user/index.ts": {"path":"/home/parmeet.singh/Express-server/src/controllers/user/index.ts","statementMap":{"0":{"start":{"line":1,"column":0},"end":{"line":1,"column":34}},"1":{"start":{"line":3,"column":0},"end":{"line":3,"column":26}}},"fnMap":{},"branchMap":{},"s":{"0":1,"1":1},"f":{},"b":{}}
,"/home/parmeet.singh/Express-server/src/controllers/user/routes.ts": {"path":"/home/parmeet.singh/Express-server/src/controllers/user/routes.ts","statementMap":{"0":{"start":{"line":1,"column":0},"end":{"line":1,"column":33}},"1":{"start":{"line":2,"column":0},"end":{"line":2,"column":42}},"2":{"start":{"line":3,"column":0},"end":{"line":3,"column":62}},"3":{"start":{"line":4,"column":0},"end":{"line":4,"column":54}},"4":{"start":{"line":5,"column":0},"end":{"line":5,"column":61}},"5":{"start":{"line":6,"column":0},"end":{"line":6,"column":38}},"6":{"start":{"line":8,"column":15},"end":{"line":8,"column":23}},"7":{"start":{"line":60,"column":0},"end":{"line":194,"column":55}},"8":{"start":{"line":255,"column":0},"end":{"line":255,"column":121}},"9":{"start":{"line":257,"column":0},"end":{"line":257,"column":22}}},"fnMap":{},"branchMap":{},"s":{"0":1,"1":1,"2":1,"3":1,"4":1,"5":1,"6":1,"7":1,"8":1,"9":1},"f":{},"b":{}}
,"/home/parmeet.singh/Express-server/src/controllers/user/validation.ts": {"path":"/home/parmeet.singh/Express-server/src/controllers/user/validation.ts","statementMap":{"0":{"start":{"line":1,"column":0},"end":{"line":1,"column":42}},"1":{"start":{"line":3,"column":0},"end":{"line":131,"column":3}},"2":{"start":{"line":121,"column":20},"end":{"line":125,"column":null}},"3":{"start":{"line":122,"column":24},"end":{"line":122,"column":37}},"4":{"start":{"line":124,"column":24},"end":{"line":124,"column":36}}},"fnMap":{"0":{"name":"(anonymous_0)","decl":{"start":{"line":120,"column":25},"end":{"line":120,"column":26}},"loc":{"start":{"line":120,"column":35},"end":{"line":126,"column":17}}}},"branchMap":{"0":{"loc":{"start":{"line":121,"column":20},"end":{"line":125,"column":null}},"type":"if","locations":[{"start":{"line":121,"column":20},"end":{"line":125,"column":null}},{"start":{"line":123,"column":27},"end":{"line":125,"column":null}}]},"1":{"loc":{"start":{"line":121,"column":24},"end":{"line":121,"column":103}},"type":"binary-expr","locations":[{"start":{"line":121,"column":24},"end":{"line":121,"column":38}},{"start":{"line":121,"column":42},"end":{"line":121,"column":68}},{"start":{"line":121,"column":72},"end":{"line":121,"column":103}}]}},"s":{"0":1,"1":1,"2":0,"3":0,"4":0},"f":{"0":0},"b":{"0":[0,0],"1":[0,0,0]}}
,"/home/parmeet.singh/Express-server/src/libs/Database.ts": {"path":"/home/parmeet.singh/Express-server/src/libs/Database.ts","statementMap":{"0":{"start":{"line":1,"column":0},"end":{"line":1,"column":37}},"1":{"start":{"line":2,"column":0},"end":{"line":2,"column":34}},"2":{"start":{"line":6,"column":8},"end":{"line":16,"column":11}},"3":{"start":{"line":7,"column":12},"end":{"line":15,"column":15}},"4":{"start":{"line":8,"column":16},"end":{"line":11,"column":null}},"5":{"start":{"line":9,"column":20},"end":{"line":9,"column":66}},"6":{"start":{"line":10,"column":20},"end":{"line":10,"column":41}},"7":{"start":{"line":12,"column":16},"end":{"line":12,"column":72}},"8":{"start":{"line":13,"column":16},"end":{"line":13,"column":27}},"9":{"start":{"line":14,"column":16},"end":{"line":14,"column":57}},"10":{"start":{"line":19,"column":8},"end":{"line":19,"column":30}},"11":{"start":{"line":4,"column":0},"end":{"line":4,"column":21}}},"fnMap":{"0":{"name":"(anonymous_0)","decl":{"start":{"line":5,"column":11},"end":{"line":5,"column":17}},"loc":{"start":{"line":5,"column":31},"end":{"line":17,"column":5}}},"1":{"name":"(anonymous_1)","decl":{"start":{"line":6,"column":27},"end":{"line":6,"column":29}},"loc":{"start":{"line":6,"column":48},"end":{"line":16,"column":9}}},"2":{"name":"(anonymous_2)","decl":{"start":{"line":7,"column":39},"end":{"line":7,"column":40}},"loc":{"start":{"line":7,"column":49},"end":{"line":15,"column":13}}},"3":{"name":"(anonymous_3)","decl":{"start":{"line":18,"column":11},"end":{"line":18,"column":17}},"loc":{"start":{"line":18,"column":32},"end":{"line":20,"column":5}}}},"branchMap":{"0":{"loc":{"start":{"line":8,"column":16},"end":{"line":11,"column":null}},"type":"if","locations":[{"start":{"line":8,"column":16},"end":{"line":11,"column":null}}]}},"s":{"0":1,"1":1,"2":0,"3":0,"4":0,"5":0,"6":0,"7":0,"8":0,"9":0,"10":0,"11":1},"f":{"0":0,"1":0,"2":0,"3":0},"b":{"0":[0]}}
,"/home/parmeet.singh/Express-server/src/libs/Swagger.ts": {"path":"/home/parmeet.singh/Express-server/src/libs/Swagger.ts","statementMap":{"0":{"start":{"line":1,"column":0},"end":{"line":1,"column":33}},"1":{"start":{"line":2,"column":0},"end":{"line":2,"column":47}},"2":{"start":{"line":3,"column":0},"end":{"line":3,"column":48}},"3":{"start":{"line":18,"column":23},"end":{"line":18,"column":31}},"4":{"start":{"line":19,"column":8},"end":{"line":32,"column":11}},"5":{"start":{"line":22,"column":28},"end":{"line":27,"column":14}},"6":{"start":{"line":30,"column":32},"end":{"line":30,"column":53}},"7":{"start":{"line":31,"column":12},"end":{"line":31,"column":34}},"8":{"start":{"line":33,"column":8},"end":{"line":33,"column":22}},"9":{"start":{"line":36,"column":24},"end":{"line":38,"column":10}},"10":{"start":{"line":39,"column":8},"end":{"line":42,"column":10}},"11":{"start":{"line":16,"column":0},"end":{"line":16,"column":21}}},"fnMap":{"0":{"name":"(anonymous_0)","decl":{"start":{"line":17,"column":11},"end":{"line":17,"column":20}},"loc":{"start":{"line":17,"column":60},"end":{"line":34,"column":5}}},"1":{"name":"(anonymous_1)","decl":{"start":{"line":20,"column":13},"end":{"line":20,"column":14}},"loc":{"start":{"line":20,"column":28},"end":{"line":32,"column":9}}},"2":{"name":"(anonymous_2)","decl":{"start":{"line":35,"column":11},"end":{"line":35,"column":16}},"loc":{"start":{"line":35,"column":35},"end":{"line":43,"column":5}}}},"branchMap":{},"s":{"0":1,"1":1,"2":1,"3":1,"4":1,"5":0,"6":0,"7":0,"8":1,"9":1,"10":1,"11":1},"f":{"0":1,"1":0,"2":1},"b":{}}
,"/home/parmeet.singh/Express-server/src/libs/seedData.ts": {"path":"/home/parmeet.singh/Express-server/src/libs/seedData.ts","statementMap":{"0":{"start":{"line":1,"column":0},"end":{"line":1,"column":65}},"1":{"start":{"line":2,"column":0},"end":{"line":2,"column":53}},"2":{"start":{"line":4,"column":39},"end":{"line":4,"column":59}},"3":{"start":{"line":5,"column":0},"end":{"line":23,"column":2}},"4":{"start":{"line":6,"column":4},"end":{"line":21,"column":39}},"5":{"start":{"line":8,"column":10},"end":{"line":20,"column":null}},"6":{"start":{"line":9,"column":14},"end":{"line":9,"column":54}},"7":{"start":{"line":10,"column":14},"end":{"line":14,"column":44}},"8":{"start":{"line":15,"column":14},"end":{"line":19,"column":45}},"9":{"start":{"line":21,"column":22},"end":{"line":21,"column":35}}},"fnMap":{"0":{"name":"(anonymous_0)","decl":{"start":{"line":5,"column":15},"end":{"line":5,"column":18}},"loc":{"start":{"line":5,"column":20},"end":{"line":23,"column":1}}},"1":{"name":"(anonymous_1)","decl":{"start":{"line":7,"column":12},"end":{"line":7,"column":15}},"loc":{"start":{"line":7,"column":18},"end":{"line":21,"column":5}}},"2":{"name":"(anonymous_2)","decl":{"start":{"line":21,"column":13},"end":{"line":21,"column":16}},"loc":{"start":{"line":21,"column":19},"end":{"line":21,"column":37}}}},"branchMap":{"0":{"loc":{"start":{"line":8,"column":10},"end":{"line":20,"column":null}},"type":"if","locations":[{"start":{"line":8,"column":10},"end":{"line":20,"column":null}}]}},"s":{"0":1,"1":1,"2":1,"3":1,"4":0,"5":0,"6":0,"7":0,"8":0,"9":0},"f":{"0":0,"1":0,"2":0},"b":{"0":[0]}}
,"/home/parmeet.singh/Express-server/src/libs/validationHandler.ts": {"path":"/home/parmeet.singh/Express-server/src/libs/validationHandler.ts","statementMap":{"0":{"start":{"line":4,"column":42},"end":{"line":4,"column":71}},"1":{"start":{"line":6,"column":26},"end":{"line":19,"column":1}},"2":{"start":{"line":7,"column":2},"end":{"line":18,"column":4}},"3":{"start":{"line":11,"column":21},"end":{"line":11,"column":42}},"4":{"start":{"line":13,"column":6},"end":{"line":15,"column":null}},"5":{"start":{"line":14,"column":8},"end":{"line":14,"column":77}},"6":{"start":{"line":16,"column":6},"end":{"line":16,"column":13}},"7":{"start":{"line":21,"column":0},"end":{"line":21,"column":33}}},"fnMap":{"0":{"name":"(anonymous_0)","decl":{"start":{"line":6,"column":26},"end":{"line":6,"column":27}},"loc":{"start":{"line":6,"column":45},"end":{"line":19,"column":1}}},"1":{"name":"(anonymous_1)","decl":{"start":{"line":9,"column":4},"end":{"line":9,"column":5}},"loc":{"start":{"line":9,"column":56},"end":{"line":17,"column":5}}}},"branchMap":{"0":{"loc":{"start":{"line":13,"column":6},"end":{"line":15,"column":null}},"type":"if","locations":[{"start":{"line":13,"column":6},"end":{"line":15,"column":null}}]}},"s":{"0":1,"1":1,"2":9,"3":0,"4":0,"5":0,"6":0,"7":1},"f":{"0":9,"1":0},"b":{"0":[0]}}
,"/home/parmeet.singh/Express-server/src/libs/routes/authMiddleWare.ts": {"path":"/home/parmeet.singh/Express-server/src/libs/routes/authMiddleWare.ts","statementMap":{"0":{"start":{"line":1,"column":0},"end":{"line":1,"column":36}},"1":{"start":{"line":2,"column":0},"end":{"line":2,"column":62}},"2":{"start":{"line":3,"column":0},"end":{"line":3,"column":48}},"3":{"start":{"line":4,"column":0},"end":{"line":4,"column":68}},"4":{"start":{"line":6,"column":28},"end":{"line":6,"column":48}},"5":{"start":{"line":7,"column":0},"end":{"line":40,"column":2}},"6":{"start":{"line":7,"column":43},"end":{"line":40,"column":2}},"7":{"start":{"line":7,"column":68},"end":{"line":40,"column":2}},"8":{"start":{"line":9,"column":16},"end":{"line":9,"column":43}},"9":{"start":{"line":10,"column":4},"end":{"line":12,"column":null}},"10":{"start":{"line":11,"column":8},"end":{"line":11,"column":79}},"11":{"start":{"line":13,"column":4},"end":{"line":15,"column":null}},"12":{"start":{"line":14,"column":8},"end":{"line":14,"column":49}},"13":{"start":{"line":17,"column":21},"end":{"line":17,"column":27}},"14":{"start":{"line":19,"column":4},"end":{"line":24,"column":null}},"15":{"start":{"line":20,"column":9},"end":{"line":20,"column":42}},"16":{"start":{"line":23,"column":8},"end":{"line":23,"column":83}},"17":{"start":{"line":25,"column":4},"end":{"line":25,"column":30}},"18":{"start":{"line":26,"column":4},"end":{"line":28,"column":null}},"19":{"start":{"line":27,"column":8},"end":{"line":27,"column":83}},"20":{"start":{"line":29,"column":21},"end":{"line":29,"column":66}},"21":{"start":{"line":30,"column":4},"end":{"line":32,"column":null}},"22":{"start":{"line":31,"column":8},"end":{"line":31,"column":78}},"23":{"start":{"line":34,"column":4},"end":{"line":36,"column":null}},"24":{"start":{"line":35,"column":8},"end":{"line":35,"column":81}},"25":{"start":{"line":38,"column":4},"end":{"line":38,"column":20}},"26":{"start":{"line":39,"column":4},"end":{"line":39,"column":11}}},"fnMap":{"0":{"name":"(anonymous_7)","decl":{"start":{"line":7,"column":15},"end":{"line":7,"column":16}},"loc":{"start":{"line":7,"column":43},"end":{"line":40,"column":2}}},"1":{"name":"(anonymous_8)","decl":{"start":{"line":7,"column":43},"end":{"line":7,"column":50}},"loc":{"start":{"line":7,"column":68},"end":{"line":40,"column":2}}},"2":{"name":"(anonymous_9)","decl":{"start":{"line":7,"column":68},"end":{"line":7,"column":null}},"loc":{"start":{"line":7,"column":68},"end":{"line":40,"column":1}}}},"branchMap":{"0":{"loc":{"start":{"line":10,"column":4},"end":{"line":12,"column":null}},"type":"if","locations":[{"start":{"line":10,"column":4},"end":{"line":12,"column":null}}]},"1":{"loc":{"start":{"line":13,"column":4},"end":{"line":15,"column":null}},"type":"if","locations":[{"start":{"line":13,"column":4},"end":{"line":15,"column":null}}]},"2":{"loc":{"start":{"line":26,"column":4},"end":{"line":28,"column":null}},"type":"if","locations":[{"start":{"line":26,"column":4},"end":{"line":28,"column":null}}]},"3":{"loc":{"start":{"line":30,"column":4},"end":{"line":32,"column":null}},"type":"if","locations":[{"start":{"line":30,"column":4},"end":{"line":32,"column":null}}]},"4":{"loc":{"start":{"line":34,"column":4},"end":{"line":36,"column":null}},"type":"if","locations":[{"start":{"line":34,"column":4},"end":{"line":36,"column":null}}]}},"s":{"0":1,"1":1,"2":1,"3":1,"4":1,"5":1,"6":10,"7":0,"8":0,"9":0,"10":0,"11":0,"12":0,"13":0,"14":0,"15":0,"16":0,"17":0,"18":0,"19":0,"20":0,"21":0,"22":0,"23":0,"24":0,"25":0,"26":0},"f":{"0":10,"1":0,"2":0},"b":{"0":[0],"1":[0],"2":[0],"3":[0],"4":[0]}}
,"/home/parmeet.singh/Express-server/src/libs/routes/errorHandler.ts": {"path":"/home/parmeet.singh/Express-server/src/libs/routes/errorHandler.ts","statementMap":{"0":{"start":{"line":1,"column":21},"end":{"line":16,"column":1}},"1":{"start":{"line":2,"column":4},"end":{"line":4,"column":null}},"2":{"start":{"line":3,"column":8},"end":{"line":3,"column":25}},"3":{"start":{"line":6,"column":40},"end":{"line":6,"column":43}},"4":{"start":{"line":7,"column":26},"end":{"line":12,"column":6}},"5":{"start":{"line":15,"column":4},"end":{"line":15,"column":55}},"6":{"start":{"line":18,"column":0},"end":{"line":18,"column":28}}},"fnMap":{"0":{"name":"(anonymous_0)","decl":{"start":{"line":1,"column":21},"end":{"line":1,"column":22}},"loc":{"start":{"line":1,"column":46},"end":{"line":16,"column":1}}}},"branchMap":{"0":{"loc":{"start":{"line":2,"column":4},"end":{"line":4,"column":null}},"type":"if","locations":[{"start":{"line":2,"column":4},"end":{"line":4,"column":null}}]},"1":{"loc":{"start":{"line":8,"column":15},"end":{"line":8,"column":35}},"type":"binary-expr","locations":[{"start":{"line":8,"column":15},"end":{"line":8,"column":20}},{"start":{"line":8,"column":24},"end":{"line":8,"column":35}}]},"2":{"loc":{"start":{"line":9,"column":17},"end":{"line":9,"column":35}},"type":"binary-expr","locations":[{"start":{"line":9,"column":17},"end":{"line":9,"column":24}},{"start":{"line":9,"column":28},"end":{"line":9,"column":35}}]},"3":{"loc":{"start":{"line":10,"column":16},"end":{"line":10,"column":31}},"type":"binary-expr","locations":[{"start":{"line":10,"column":16},"end":{"line":10,"column":22}},{"start":{"line":10,"column":26},"end":{"line":10,"column":31}}]}},"s":{"0":1,"1":0,"2":0,"3":0,"4":0,"5":0,"6":1},"f":{"0":0},"b":{"0":[0],"1":[0,0],"2":[0,0],"3":[0,0]}}
,"/home/parmeet.singh/Express-server/src/libs/routes/index.ts": {"path":"/home/parmeet.singh/Express-server/src/libs/routes/index.ts","statementMap":{"0":{"start":{"line":1,"column":0},"end":{"line":1,"column":8}},"1":{"start":{"line":4,"column":9},"end":{"line":1,"column":43}},"2":{"start":{"line":2,"column":0},"end":{"line":2,"column":7}},"3":{"start":{"line":4,"column":23},"end":{"line":2,"column":44}}},"fnMap":{},"branchMap":{},"s":{"0":1,"1":1,"2":1,"3":1},"f":{},"b":{}}
,"/home/parmeet.singh/Express-server/src/libs/routes/notFoundRoute.ts": {"path":"/home/parmeet.singh/Express-server/src/libs/routes/notFoundRoute.ts","statementMap":{"0":{"start":{"line":1,"column":22},"end":{"line":4,"column":1}},"1":{"start":{"line":3,"column":4},"end":{"line":3,"column":78}},"2":{"start":{"line":6,"column":0},"end":{"line":6,"column":29}}},"fnMap":{"0":{"name":"(anonymous_0)","decl":{"start":{"line":1,"column":22},"end":{"line":1,"column":23}},"loc":{"start":{"line":1,"column":41},"end":{"line":4,"column":1}}}},"branchMap":{},"s":{"0":1,"1":0,"2":1},"f":{"0":0},"b":{}}
,"/home/parmeet.singh/Express-server/src/repositories/user/UserModel.ts": {"path":"/home/parmeet.singh/Express-server/src/repositories/user/UserModel.ts","statementMap":{"0":{"start":{"line":1,"column":0},"end":{"line":1,"column":37}},"1":{"start":{"line":2,"column":0},"end":{"line":2,"column":38}},"2":{"start":{"line":5,"column":13},"end":{"line":7,"column":3}},"3":{"start":{"line":9,"column":13},"end":{"line":14,"column":2}}},"fnMap":{},"branchMap":{},"s":{"0":1,"1":1,"2":1,"3":1},"f":{},"b":{}}
,"/home/parmeet.singh/Express-server/src/repositories/user/UserRepository.ts": {"path":"/home/parmeet.singh/Express-server/src/repositories/user/UserRepository.ts","statementMap":{"0":{"start":{"line":2,"column":0},"end":{"line":2,"column":40}},"1":{"start":{"line":4,"column":0},"end":{"line":4,"column":73}},"2":{"start":{"line":10,"column":8},"end":{"line":10,"column":25}},"3":{"start":{"line":14,"column":8},"end":{"line":14,"column":42}},"4":{"start":{"line":18,"column":7},"end":{"line":18,"column":59}},"5":{"start":{"line":22,"column":8},"end":{"line":22,"column":35}},"6":{"start":{"line":26,"column":8},"end":{"line":26,"column":40}},"7":{"start":{"line":30,"column":8},"end":{"line":30,"column":40}},"8":{"start":{"line":34,"column":8},"end":{"line":34,"column":44}},"9":{"start":{"line":37,"column":8},"end":{"line":37,"column":40}},"10":{"start":{"line":6,"column":0},"end":{"line":6,"column":21}}},"fnMap":{"0":{"name":"(anonymous_7)","decl":{"start":{"line":9,"column":4},"end":{"line":9,"column":null}},"loc":{"start":{"line":9,"column":4},"end":{"line":11,"column":5}}},"1":{"name":"(anonymous_8)","decl":{"start":{"line":13,"column":17},"end":{"line":13,"column":24}},"loc":{"start":{"line":13,"column":30},"end":{"line":15,"column":null}}},"2":{"name":"(anonymous_11)","decl":{"start":{"line":17,"column":17},"end":{"line":17,"column":21}},"loc":{"start":{"line":17,"column":60},"end":{"line":19,"column":null}}},"3":{"name":"(anonymous_14)","decl":{"start":{"line":21,"column":17},"end":{"line":21,"column":22}},"loc":{"start":{"line":21,"column":22},"end":{"line":23,"column":null}}},"4":{"name":"(anonymous_17)","decl":{"start":{"line":25,"column":17},"end":{"line":25,"column":23}},"loc":{"start":{"line":25,"column":33},"end":{"line":27,"column":null}}},"5":{"name":"(anonymous_20)","decl":{"start":{"line":29,"column":17},"end":{"line":29,"column":24}},"loc":{"start":{"line":29,"column":34},"end":{"line":31,"column":null}}},"6":{"name":"(anonymous_23)","decl":{"start":{"line":33,"column":17},"end":{"line":33,"column":23}},"loc":{"start":{"line":33,"column":33},"end":{"line":35,"column":null}}},"7":{"name":"(anonymous_26)","decl":{"start":{"line":36,"column":17},"end":{"line":36,"column":23}},"loc":{"start":{"line":36,"column":33},"end":{"line":38,"column":null}}}},"branchMap":{},"s":{"0":1,"1":1,"2":3,"3":0,"4":0,"5":0,"6":0,"7":0,"8":0,"9":0,"10":1},"f":{"0":3,"1":0,"2":0,"3":0,"4":0,"5":0,"6":0,"7":0},"b":{}}
,"/home/parmeet.singh/Express-server/src/repositories/user/UserSchema.ts": {"path":"/home/parmeet.singh/Express-server/src/repositories/user/UserSchema.ts","statementMap":{"0":{"start":{"line":3,"column":0},"end":{"line":3,"column":65}},"1":{"start":{"line":7,"column":25},"end":{"line":13,"column":6}},"2":{"start":{"line":14,"column":4},"end":{"line":14,"column":35}},"3":{"start":{"line":17,"column":0},"end":{"line":17,"column":26}}},"fnMap":{"0":{"name":"(anonymous_0)","decl":{"start":{"line":6,"column":4},"end":{"line":6,"column":16}},"loc":{"start":{"line":6,"column":32},"end":{"line":15,"column":3}}}},"branchMap":{},"s":{"0":1,"1":1,"2":1,"3":1},"f":{"0":1},"b":{}}
,"/home/parmeet.singh/Express-server/src/repositories/versionable/VersionableRepository.ts": {"path":"/home/parmeet.singh/Express-server/src/repositories/versionable/VersionableRepository.ts","statementMap":{"0":{"start":{"line":1,"column":0},"end":{"line":1,"column":37}},"1":{"start":{"line":11,"column":8},"end":{"line":11,"column":27}},"2":{"start":{"line":6,"column":8},"end":{"line":6,"column":53}},"3":{"start":{"line":15,"column":24},"end":{"line":15,"column":60}},"4":{"start":{"line":16,"column":8},"end":{"line":16,"column":59}},"5":{"start":{"line":20,"column":45},"end":{"line":20,"column":50}},"6":{"start":{"line":21,"column":32},"end":{"line":26,"column":10}},"7":{"start":{"line":27,"column":7},"end":{"line":27,"column":105}},"8":{"start":{"line":31,"column":32},"end":{"line":31,"column":55}},"9":{"start":{"line":32,"column":8},"end":{"line":32,"column":44}},"10":{"start":{"line":36,"column":19},"end":{"line":36,"column":61}},"11":{"start":{"line":37,"column":22},"end":{"line":40,"column":null}},"12":{"start":{"line":42,"column":8},"end":{"line":42,"column":34}},"13":{"start":{"line":47,"column":8},"end":{"line":47,"column":111}},"14":{"start":{"line":52,"column":21},"end":{"line":52,"column":70}},"15":{"start":{"line":53,"column":8},"end":{"line":57,"column":null}},"16":{"start":{"line":54,"column":12},"end":{"line":54,"column":51}},"17":{"start":{"line":56,"column":12},"end":{"line":56,"column":29}},"18":{"start":{"line":58,"column":24},"end":{"line":58,"column":77}},"19":{"start":{"line":59,"column":8},"end":{"line":59,"column":65}},"20":{"start":{"line":61,"column":22},"end":{"line":61,"column":45}},"21":{"start":{"line":62,"column":8},"end":{"line":62,"column":28}},"22":{"start":{"line":66,"column":38},"end":{"line":66,"column":42}},"23":{"start":{"line":67,"column":8},"end":{"line":67,"column":90}},"24":{"start":{"line":2,"column":0},"end":{"line":2,"column":21}}},"fnMap":{"0":{"name":"(anonymous_7)","decl":{"start":{"line":10,"column":4},"end":{"line":10,"column":16}},"loc":{"start":{"line":10,"column":21},"end":{"line":12,"column":5}}},"1":{"name":"(anonymous_8)","decl":{"start":{"line":5,"column":11},"end":{"line":5,"column":17}},"loc":{"start":{"line":5,"column":36},"end":{"line":7,"column":5}}},"2":{"name":"(anonymous_9)","decl":{"start":{"line":14,"column":20},"end":{"line":14,"column":27}},"loc":{"start":{"line":14,"column":38},"end":{"line":17,"column":null}}},"3":{"name":"(anonymous_11)","decl":{"start":{"line":19,"column":20},"end":{"line":19,"column":24}},"loc":{"start":{"line":19,"column":81},"end":{"line":28,"column":null}}},"4":{"name":"(anonymous_13)","decl":{"start":{"line":30,"column":17},"end":{"line":30,"column":22}},"loc":{"start":{"line":30,"column":22},"end":{"line":33,"column":null}}},"5":{"name":"(anonymous_15)","decl":{"start":{"line":35,"column":17},"end":{"line":35,"column":23}},"loc":{"start":{"line":35,"column":36},"end":{"line":44,"column":null}}},"6":{"name":"(anonymous_17)","decl":{"start":{"line":46,"column":20},"end":{"line":46,"column":30}},"loc":{"start":{"line":46,"column":41},"end":{"line":48,"column":null}}},"7":{"name":"(anonymous_19)","decl":{"start":{"line":50,"column":17},"end":{"line":50,"column":23}},"loc":{"start":{"line":50,"column":33},"end":{"line":63,"column":null}}},"8":{"name":"(anonymous_21)","decl":{"start":{"line":65,"column":17},"end":{"line":65,"column":23}},"loc":{"start":{"line":65,"column":33},"end":{"line":68,"column":null}}}},"branchMap":{"0":{"loc":{"start":{"line":19,"column":25},"end":{"line":19,"column":40}},"type":"default-arg","locations":[{"start":{"line":19,"column":38},"end":{"line":19,"column":40}}]},"1":{"loc":{"start":{"line":19,"column":42},"end":{"line":19,"column":62}},"type":"default-arg","locations":[{"start":{"line":19,"column":60},"end":{"line":19,"column":62}}]},"2":{"loc":{"start":{"line":19,"column":64},"end":{"line":19,"column":81}},"type":"default-arg","locations":[{"start":{"line":19,"column":79},"end":{"line":19,"column":81}}]},"3":{"loc":{"start":{"line":20,"column":16},"end":{"line":20,"column":27}},"type":"default-arg","locations":[{"start":{"line":20,"column":25},"end":{"line":20,"column":27}}]},"4":{"loc":{"start":{"line":53,"column":8},"end":{"line":57,"column":null}},"type":"if","locations":[{"start":{"line":53,"column":8},"end":{"line":57,"column":null}},{"start":{"line":55,"column":15},"end":{"line":57,"column":null}}]}},"s":{"0":1,"1":3,"2":0,"3":0,"4":0,"5":0,"6":0,"7":0,"8":0,"9":0,"10":0,"11":0,"12":0,"13":0,"14":0,"15":0,"16":0,"17":0,"18":0,"19":0,"20":0,"21":0,"22":0,"23":0,"24":1},"f":{"0":3,"1":0,"2":0,"3":0,"4":0,"5":0,"6":0,"7":0,"8":0},"b":{"0":[0],"1":[0],"2":[0],"3":[0],"4":[0,0]}}
,"/home/parmeet.singh/Express-server/src/repositories/versionable/VersionableSchema.ts": {"path":"/home/parmeet.singh/Express-server/src/repositories/versionable/VersionableSchema.ts","statementMap":{"0":{"start":{"line":1,"column":0},"end":{"line":1,"column":37}},"1":{"start":{"line":5,"column":31},"end":{"line":22,"column":19}},"2":{"start":{"line":23,"column":8},"end":{"line":23,"column":43}},"3":{"start":{"line":3,"column":0},"end":{"line":3,"column":21}}},"fnMap":{"0":{"name":"(anonymous_0)","decl":{"start":{"line":4,"column":4},"end":{"line":4,"column":16}},"loc":{"start":{"line":4,"column":46},"end":{"line":24,"column":5}}}},"branchMap":{},"s":{"0":1,"1":1,"2":1,"3":1},"f":{"0":1},"b":{}}
}
